<?xml version="1.0" encoding="UTF-8"?>
<testng-results ignored="0" total="2" passed="2" failed="0" skipped="0">
  <reporter-output>
  </reporter-output>
  <suite started-at="2023-09-11T22:04:11 SGT" name="Suite" finished-at="2023-09-11T22:05:00 SGT" duration-ms="48647">
    <groups>
    </groups>
    <test started-at="2023-09-11T22:04:11 SGT" name="Test" finished-at="2023-09-11T22:05:00 SGT" duration-ms="48647">
      <class name="lab7_SELENIUM_Testcases.Testcase">
        <test-method is-config="true" signature="initDriver()[pri:0, instance:lab7_SELENIUM_Testcases.Testcase@35cabb2a]" started-at="2023-09-11T22:04:11 SGT" name="initDriver" finished-at="2023-09-11T22:04:19 SGT" duration-ms="7481" status="PASS">
          <reporter-output>
          </reporter-output>
        </test-method> <!-- initDriver -->
        <test-method signature="TC01_LoginFirstAccount()[pri:0, instance:lab7_SELENIUM_Testcases.Testcase@35cabb2a]" started-at="2023-09-11T22:04:19 SGT" name="TC01_LoginFirstAccount" finished-at="2023-09-11T22:04:38 SGT" duration-ms="19406" status="PASS">
          <reporter-output>
          </reporter-output>
        </test-method> <!-- TC01_LoginFirstAccount -->
        <test-method is-config="true" signature="takeScreenshot(org.testng.ITestResult)[pri:0, instance:lab7_SELENIUM_Testcases.Testcase@35cabb2a]" started-at="2023-09-11T22:04:38 SGT" name="takeScreenshot" finished-at="2023-09-11T22:04:39 SGT" duration-ms="1007" status="PASS">
          <params>
            <param index="0">
              <value>
                <![CDATA[[TestResult name=TC01_LoginFirstAccount status=SUCCESS method=Testcase.TC01_LoginFirstAccount()[pri:0, instance:lab7_SELENIUM_Testcases.Testcase@35cabb2a] output={null}]]]>
              </value>
            </param>
          </params>
          <reporter-output>
          </reporter-output>
        </test-method> <!-- takeScreenshot -->
        <test-method signature="TC02_LoginSecondAccount()[pri:1, instance:lab7_SELENIUM_Testcases.Testcase@35cabb2a]" started-at="2023-09-11T22:04:39 SGT" name="TC02_LoginSecondAccount" finished-at="2023-09-11T22:04:59 SGT" duration-ms="19437" status="PASS">
          <reporter-output>
          </reporter-output>
        </test-method> <!-- TC02_LoginSecondAccount -->
        <test-method is-config="true" signature="takeScreenshot(org.testng.ITestResult)[pri:0, instance:lab7_SELENIUM_Testcases.Testcase@35cabb2a]" started-at="2023-09-11T22:04:59 SGT" name="takeScreenshot" finished-at="2023-09-11T22:05:00 SGT" duration-ms="1004" status="PASS">
          <params>
            <param index="0">
              <value>
                <![CDATA[[TestResult name=TC02_LoginSecondAccount status=SUCCESS method=Testcase.TC02_LoginSecondAccount()[pri:1, instance:lab7_SELENIUM_Testcases.Testcase@35cabb2a] output={null}]]]>
              </value>
            </param>
          </params>
          <reporter-output>
          </reporter-output>
        </test-method> <!-- takeScreenshot -->
        <test-method is-config="true" signature="closeBrowser()[pri:0, instance:lab7_SELENIUM_Testcases.Testcase@35cabb2a]" started-at="2023-09-11T22:05:00 SGT" name="closeBrowser" finished-at="2023-09-11T22:05:00 SGT" duration-ms="254" status="PASS">
          <reporter-output>
          </reporter-output>
        </test-method> <!-- closeBrowser -->
      </class> <!-- lab7_SELENIUM_Testcases.Testcase -->
    </test> <!-- Test -->
  </suite> <!-- Suite -->
</testng-results>
