<?xml version="1.0" encoding="UTF-8"?>
<testng-results ignored="0" total="1" passed="1" failed="0" skipped="0">
  <reporter-output>
  </reporter-output>
  <suite started-at="2023-09-08T21:55:32 SGT" name="Suite" finished-at="2023-09-08T21:55:44 SGT" duration-ms="11991">
    <groups>
    </groups>
    <test started-at="2023-09-08T21:55:32 SGT" name="Test" finished-at="2023-09-08T21:55:44 SGT" duration-ms="11991">
      <class name="Lab6.Lab6_Practice.Lab6_Selenium">
        <test-method is-config="true" signature="initBrowser()[pri:0, instance:Lab6.Lab6_Practice.Lab6_Selenium@769e7ee8]" started-at="2023-09-08T21:55:32 SGT" name="initBrowser" finished-at="2023-09-08T21:55:35 SGT" duration-ms="2355" status="PASS">
          <reporter-output>
          </reporter-output>
        </test-method> <!-- initBrowser -->
        <test-method signature="TC_MyOderSearchValid()[pri:0, instance:Lab6.Lab6_Practice.Lab6_Selenium@769e7ee8]" started-at="2023-09-08T21:55:35 SGT" name="TC_MyOderSearchValid" finished-at="2023-09-08T21:55:44 SGT" duration-ms="9412" status="PASS">
          <reporter-output>
          </reporter-output>
        </test-method> <!-- TC_MyOderSearchValid -->
        <test-method is-config="true" signature="closeBrowser()[pri:0, instance:Lab6.Lab6_Practice.Lab6_Selenium@769e7ee8]" started-at="2023-09-08T21:55:44 SGT" name="closeBrowser" finished-at="2023-09-08T21:55:44 SGT" duration-ms="193" status="PASS">
          <reporter-output>
          </reporter-output>
        </test-method> <!-- closeBrowser -->
      </class> <!-- Lab6.Lab6_Practice.Lab6_Selenium -->
    </test> <!-- Test -->
  </suite> <!-- Suite -->
</testng-results>
