<?xml version="1.0" encoding="UTF-8"?>
<testng-results ignored="0" total="1" passed="1" failed="0" skipped="0">
  <reporter-output>
  </reporter-output>
  <suite started-at="2023-08-29T15:09:26 SGT" name="Default suite" finished-at="2023-08-29T15:09:29 SGT" duration-ms="3553">
    <groups>
    </groups>
    <test started-at="2023-08-29T15:09:26 SGT" name="Default test" finished-at="2023-08-29T15:09:29 SGT" duration-ms="3553">
      <class name="Lab5.Lab5_Practice.Practice">
        <test-method is-config="true" signature="startBrowser()[pri:0, instance:Lab5.Lab5_Practice.Practice@15b204a1]" started-at="2023-08-29T15:09:26 SGT" name="startBrowser" finished-at="2023-08-29T15:09:28 SGT" duration-ms="2479" status="PASS">
          <reporter-output>
          </reporter-output>
        </test-method> <!-- startBrowser -->
        <test-method signature="TC_GoogleSearch()[pri:0, instance:Lab5.Lab5_Practice.Practice@15b204a1]" started-at="2023-08-29T15:09:28 SGT" name="TC_GoogleSearch" finished-at="2023-08-29T15:09:29 SGT" duration-ms="880" status="PASS">
          <reporter-output>
          </reporter-output>
        </test-method> <!-- TC_GoogleSearch -->
        <test-method is-config="true" signature="closeBrowser()[pri:0, instance:Lab5.Lab5_Practice.Practice@15b204a1]" started-at="2023-08-29T15:09:29 SGT" name="closeBrowser" finished-at="2023-08-29T15:09:29 SGT" duration-ms="162" status="PASS">
          <reporter-output>
          </reporter-output>
        </test-method> <!-- closeBrowser -->
      </class> <!-- Lab5.Lab5_Practice.Practice -->
    </test> <!-- Default test -->
  </suite> <!-- Default suite -->
</testng-results>
